2018-08-10 11:12 INFO    : Object with name plot_H  exists, replacing (object_sharer.py:138)
2018-08-10 11:12 INFO    : Data object has multiple coordinates, using the first two (plot.py:639)
2018-08-10 11:12 INFO    : Clearing plot H ... (plot.py:291)
2018-08-10 11:12 INFO    : Object with name plot_H pi exists, replacing (object_sharer.py:138)
2018-08-10 11:12 INFO    : Data object has multiple coordinates, using the first two (plot.py:639)
2018-08-10 11:12 INFO    : Clearing plot H pi... (plot.py:291)
2018-08-10 11:12 INFO    : Tabor_WX1284C : Setting the trigger timer time to 200.0 (Tabor_WX1284C.py:742)
2018-08-10 11:12 INFO    : {} : Getting the trigger timer time (Tabor_WX1284C.py:723)
2018-08-10 11:12 INFO    : {} : Getting the trigger timer time (Tabor_WX1284C.py:723)
2018-08-10 11:12 INFO    : {} : Getting the trigger timer time (Tabor_WX1284C.py:723)
2018-08-10 11:12 INFO    : {} : Getting the trigger timer time (Tabor_WX1284C.py:723)
2018-08-10 11:12 INFO    : {} : Getting the trigger timer time (Tabor_WX1284C.py:723)
2018-08-10 11:12 INFO    : {} : Getting the trigger timer time (Tabor_WX1284C.py:723)
2018-08-10 11:12 INFO    : {} : Getting the trigger timer time (Tabor_WX1284C.py:723)
2018-08-10 11:12 INFO    : {} : Getting the trigger timer time (Tabor_WX1284C.py:723)
2018-08-10 11:12 INFO    : {} : Getting the trigger timer time (Tabor_WX1284C.py:723)
2018-08-10 11:12 INFO    : {} : Getting the trigger timer time (Tabor_WX1284C.py:723)
2018-08-10 11:12 INFO    : {} : Getting the trigger timer time (Tabor_WX1284C.py:723)
2018-08-10 11:12 INFO    : {} : Getting the trigger timer time (Tabor_WX1284C.py:723)
2018-08-10 11:12 INFO    : {} : Getting the trigger timer time (Tabor_WX1284C.py:723)
2018-08-10 11:12 INFO    : {} : Getting the trigger timer time (Tabor_WX1284C.py:723)
2018-08-10 11:12 INFO    : {} : Getting the trigger timer time (Tabor_WX1284C.py:723)
2018-08-10 11:12 INFO    : {} : Getting the trigger timer time (Tabor_WX1284C.py:723)
2018-08-10 11:12 INFO    : {} : Getting the trigger timer time (Tabor_WX1284C.py:723)
2018-08-10 11:12 INFO    : {} : Getting the trigger timer time (Tabor_WX1284C.py:723)
2018-08-10 11:12 INFO    : {} : Getting the trigger timer time (Tabor_WX1284C.py:723)
2018-08-10 11:12 INFO    : {} : Getting the trigger timer time (Tabor_WX1284C.py:723)
2018-08-10 11:12 INFO    : {} : Getting the trigger timer time (Tabor_WX1284C.py:723)
2018-08-10 11:12 INFO    : {} : Getting the trigger timer time (Tabor_WX1284C.py:723)
2018-08-10 11:12 INFO    : {} : Getting the trigger timer time (Tabor_WX1284C.py:723)
2018-08-10 11:12 INFO    : {} : Getting the trigger timer time (Tabor_WX1284C.py:723)
2018-08-10 11:12 INFO    : {} : Getting the trigger timer time (Tabor_WX1284C.py:723)
2018-08-10 11:12 INFO    : {} : Getting the trigger timer time (Tabor_WX1284C.py:723)
2018-08-10 11:12 INFO    : Tabor_WX1284C: Setting the marker status of the marker 1 of the channel 1_2 to the status OFF. (Tabor_WX1284C.py:1125)
2018-08-10 11:12 INFO    : Tabor_WX1284C: Getting the marker status of the marker 1 of the channel 1 or 2. (Tabor_WX1284C.py:1099)
2018-08-10 11:12 INFO    : Tabor_WX1284C: Setting the marker status of the marker 2 of the channel 1_2 to the status OFF. (Tabor_WX1284C.py:1125)
2018-08-10 11:12 INFO    : Tabor_WX1284C: Getting the marker status of the marker 2 of the channel 1 or 2. (Tabor_WX1284C.py:1099)
2018-08-10 11:12 INFO    : Tabor_WX1284C : Resetting instrument (Tabor_WX1284C.py:307)
2018-08-10 11:12 INFO    : Tabor_WX1284C : Clearing error queue of the instrument (Tabor_WX1284C.py:320)
2018-08-10 11:12 INFO    : Tabor_WX1284C: Setting how the arbitrary waveform is downloaded to the unit memory. (Tabor_WX1284C.py:1699)
2018-08-10 11:12 INFO    : Tabor_WX1284C: Getting how the arbitrary waveform is downloaded to the unit memory. (Tabor_WX1284C.py:1688)
2018-08-10 11:12 INFO    : Tabor_WX1284C : Deleting waveform memory (Tabor_WX1284C.py:223)
2018-08-10 11:12 INFO    : Tabor_WX1284C: Setting the frequency of the sample clock to 1000.0. (Tabor_WX1284C.py:952)
2018-08-10 11:12 INFO    : Tabor_WX1284C: Getting the frequency of the sample clock. (Tabor_WX1284C.py:939)
2018-08-10 11:12 INFO    : Tabor_WX1284C: Setting the source of the reference oscillator to EXT. (Tabor_WX1284C.py:853)
2018-08-10 11:12 INFO    : Tabor_WX1284C: Getting the source of the reference oscillator. (Tabor_WX1284C.py:840)
2018-08-10 11:12 INFO    : Tabor_WX1284C: Setting the frequency of the reference oscillator to 10. (Tabor_WX1284C.py:886)
2018-08-10 11:12 INFO    : Tabor_WX1284C: Getting the frequency of the reference oscillator. (Tabor_WX1284C.py:873)
2018-08-10 11:12 INFO    : Tabor_WX1284C: Setting the source of the sample clock to INT. (Tabor_WX1284C.py:919)
2018-08-10 11:12 INFO    : Tabor_WX1284C: Getting the source of the sample clock. (Tabor_WX1284C.py:906)
2018-08-10 11:12 INFO    : Tabor_WX1284C: Setting the frequency of the sample clock to 1000.0. (Tabor_WX1284C.py:952)
2018-08-10 11:12 INFO    : Tabor_WX1284C: Getting the frequency of the sample clock. (Tabor_WX1284C.py:939)
2018-08-10 11:12 INFO    : Tabor_WX1284C : Setting the trigger source to EVEN (Tabor_WX1284C.py:627)
2018-08-10 11:12 INFO    : {} : Getting the trigger source (Tabor_WX1284C.py:608)
2018-08-10 11:12 INFO    : Tabor_WX1284C : Setting the output state of channel 1 to OFF (Tabor_WX1284C.py:763)
2018-08-10 11:12 INFO    : Tabor_WX1284C : Getting the output state of channel 1 (Tabor_WX1284C.py:785)
2018-08-10 11:12 INFO    : Tabor_WX1284C : Setting the output state of channel 4 to OFF (Tabor_WX1284C.py:763)
2018-08-10 11:12 INFO    : Tabor_WX1284C : Getting the output state of channel 4 (Tabor_WX1284C.py:785)
2018-08-10 11:12 INFO    : Tabor_WX1284C: Setting the marker status of the marker 1 of the channel 1_2 to the status OFF. (Tabor_WX1284C.py:1125)
2018-08-10 11:12 INFO    : Tabor_WX1284C: Getting the marker status of the marker 1 of the channel 1 or 2. (Tabor_WX1284C.py:1099)
2018-08-10 11:12 INFO    : Tabor_WX1284C: Setting the marker status of the marker 2 of the channel 1_2 to the status OFF. (Tabor_WX1284C.py:1125)
2018-08-10 11:12 INFO    : Tabor_WX1284C: Getting the marker status of the marker 2 of the channel 1 or 2. (Tabor_WX1284C.py:1099)
2018-08-10 11:12 INFO    : Tabor_WX1284C : Initializing channel 1 (Tabor_WX1284C.py:380)
2018-08-10 11:12 INFO    : Tabor_WX1284C : Setting the coupling of channel 1 to DC (Tabor_WX1284C.py:819)
2018-08-10 11:12 INFO    : Tabor_WX1284C: Getting the coupling of channel 1 (Tabor_WX1284C.py:801)
2018-08-10 11:12 INFO    : Tabor_WX1284C: Setting the amplitude of the channel 1 to 2.0. (Tabor_WX1284C.py:970)
2018-08-10 11:12 INFO    : Tabor_WX1284C: Getting the coupling of channel 1 (Tabor_WX1284C.py:801)
2018-08-10 11:12 INFO    : The amplitude wasn't set properly (Tabor_WX1284C.py:980)
2018-08-10 11:12 INFO    : Tabor_WX1284C: Getting the amplitude of channel 1 (Tabor_WX1284C.py:990)
2018-08-10 11:12 INFO    : Tabor_WX1284C: Getting the coupling of channel 1 (Tabor_WX1284C.py:801)
2018-08-10 11:12 INFO    : Tabor_WX1284C : Initializing channel 4 (Tabor_WX1284C.py:380)
2018-08-10 11:12 INFO    : Tabor_WX1284C : Setting the coupling of channel 4 to DC (Tabor_WX1284C.py:819)
2018-08-10 11:12 INFO    : Tabor_WX1284C: Getting the coupling of channel 4 (Tabor_WX1284C.py:801)
2018-08-10 11:12 INFO    : Tabor_WX1284C: Setting the amplitude of the channel 4 to 2.0. (Tabor_WX1284C.py:970)
2018-08-10 11:12 INFO    : Tabor_WX1284C: Getting the coupling of channel 4 (Tabor_WX1284C.py:801)
2018-08-10 11:12 INFO    : The amplitude wasn't set properly (Tabor_WX1284C.py:980)
2018-08-10 11:12 INFO    : Tabor_WX1284C: Getting the amplitude of channel 4 (Tabor_WX1284C.py:990)
2018-08-10 11:12 INFO    : Tabor_WX1284C: Getting the coupling of channel 4 (Tabor_WX1284C.py:801)
2018-08-10 11:12 INFO    : Tabor_WX1284C: Setting the source of the reference oscillator to EXT. (Tabor_WX1284C.py:853)
2018-08-10 11:12 INFO    : Tabor_WX1284C: Getting the source of the reference oscillator. (Tabor_WX1284C.py:840)
2018-08-10 11:12 INFO    : Tabor_WX1284C: Setting the frequency of the reference oscillator to 10. (Tabor_WX1284C.py:886)
2018-08-10 11:12 INFO    : Tabor_WX1284C: Getting the frequency of the reference oscillator. (Tabor_WX1284C.py:873)
2018-08-10 11:12 INFO    : Tabor_WX1284C: Setting the source of the sample clock to INT. (Tabor_WX1284C.py:919)
2018-08-10 11:12 INFO    : Tabor_WX1284C: Getting the source of the sample clock. (Tabor_WX1284C.py:906)
2018-08-10 11:12 INFO    : Tabor_WX1284C: Setting the frequency of the sample clock to 1000.0. (Tabor_WX1284C.py:952)
2018-08-10 11:12 INFO    : Tabor_WX1284C: Getting the frequency of the sample clock. (Tabor_WX1284C.py:939)
2018-08-10 11:12 INFO    : Tabor_WX1284C: Setting the couple state of the synchronized channels (Tabor_WX1284C.py:1721)
2018-08-10 11:12 INFO    : Tabor_WX1284C: Getting the couple state of the synchronisation (Tabor_WX1284C.py:1741)
2018-08-10 11:12 INFO    : Tabor_WX1284C: Setting the marker source to USER. (Tabor_WX1284C.py:1071)
2018-08-10 11:12 INFO    : Tabor_WX1284C: Getting the marker source. (Tabor_WX1284C.py:1087)
2018-08-10 11:12 INFO    : Tabor_WX1284C: Setting the marker high level of the marker 2 of the channel 1_2 to 1.0. (Tabor_WX1284C.py:1233)
2018-08-10 11:12 INFO    : Tabor_WX1284C: Getting the marker high level of the marker 2 of the channel 1 or 2. (Tabor_WX1284C.py:1207)
2018-08-10 11:12 INFO    : Tabor_WX1284C: Setting the marker high level of the marker 1 of the channel 1_2 to 1.0. (Tabor_WX1284C.py:1233)
2018-08-10 11:12 INFO    : Tabor_WX1284C: Getting the marker high level of the marker 1 of the channel 1 or 2. (Tabor_WX1284C.py:1207)
2018-08-10 11:12 INFO    : Tabor_WX1284C : Setting the trigger source to EVEN (Tabor_WX1284C.py:627)
2018-08-10 11:12 INFO    : {} : Getting the trigger source (Tabor_WX1284C.py:608)
2018-08-10 11:12 INFO    : Tabor_WX1284C : Setting the trigger mode to NORM (Tabor_WX1284C.py:665)
2018-08-10 11:12 INFO    : {} : Getting the trigger mode (Tabor_WX1284C.py:646)
2018-08-10 11:12 INFO    : Tabor_WX1284C : Setting the trigger timer mode to TIME (Tabor_WX1284C.py:704)
2018-08-10 11:12 INFO    : {} : Getting the trigger timer mode (Tabor_WX1284C.py:684)
2018-08-10 11:12 INFO    : Tabor_WX1284C : Setting the run mode to TRIG (Tabor_WX1284C.py:574)
2018-08-10 11:12 INFO    : Tabor_WX1284C : Getting the run mode (Tabor_WX1284C.py:556)
2018-08-10 11:12 INFO    : Tabor_WX1284C : Setting the output function mode to SEQ (Tabor_WX1284C.py:536)
2018-08-10 11:12 INFO    : Tabor_WX1284C : Getting the function mode (Tabor_WX1284C.py:523)
2018-08-10 11:12 INFO    : Tabor_WX1284C : Setting the trigger timer time to 200.0 (Tabor_WX1284C.py:742)
2018-08-10 11:12 INFO    : {} : Getting the trigger timer time (Tabor_WX1284C.py:723)
2018-08-10 11:12 INFO    : Tabor_WX1284C: Getting the frequency of the sample clock. (Tabor_WX1284C.py:939)
2018-08-10 11:12 INFO    : Tabor_WX1284C: Getting the frequency of the sample clock. (Tabor_WX1284C.py:939)
2018-08-10 11:12 INFO    : {} : Getting the trigger timer time (Tabor_WX1284C.py:723)
2018-08-10 11:12 INFO    : {} : Getting the trigger timer time (Tabor_WX1284C.py:723)
2018-08-10 11:12 INFO    : {} : Getting the trigger timer time (Tabor_WX1284C.py:723)
2018-08-10 11:12 INFO    : {} : Getting the trigger timer time (Tabor_WX1284C.py:723)
2018-08-10 11:12 INFO    : Tabor_WX1284C: Getting the frequency of the sample clock. (Tabor_WX1284C.py:939)
2018-08-10 11:12 INFO    : Tabor_WX1284C: Getting the frequency of the sample clock. (Tabor_WX1284C.py:939)
2018-08-10 11:12 INFO    : Tabor_WX1284C : Setting the output state of channel 1 to OFF (Tabor_WX1284C.py:763)
2018-08-10 11:12 INFO    : Tabor_WX1284C : Getting the output state of channel 1 (Tabor_WX1284C.py:785)
2018-08-10 11:12 INFO    : Tabor_WX1284C : Setting the output state of channel 4 to OFF (Tabor_WX1284C.py:763)
2018-08-10 11:12 INFO    : Tabor_WX1284C : Getting the output state of channel 4 (Tabor_WX1284C.py:785)
2018-08-10 11:12 INFO    : Tabor_WX1284C: Setting the source of the reference oscillator to EXT. (Tabor_WX1284C.py:853)
2018-08-10 11:12 INFO    : Tabor_WX1284C: Getting the source of the reference oscillator. (Tabor_WX1284C.py:840)
2018-08-10 11:12 INFO    : Tabor_WX1284C: Setting the frequency of the reference oscillator to 10. (Tabor_WX1284C.py:886)
2018-08-10 11:12 INFO    : Tabor_WX1284C: Getting the frequency of the reference oscillator. (Tabor_WX1284C.py:873)
2018-08-10 11:12 INFO    : Tabor_WX1284C: Setting the frequency of the sample clock to 1000.0. (Tabor_WX1284C.py:952)
2018-08-10 11:12 INFO    : Tabor_WX1284C: Getting the frequency of the sample clock. (Tabor_WX1284C.py:939)
2018-08-10 11:12 INFO    : Tabor_WX1284C: Setting the couple state of the synchronized channels (Tabor_WX1284C.py:1721)
2018-08-10 11:12 INFO    : Tabor_WX1284C: Getting the couple state of the synchronisation (Tabor_WX1284C.py:1741)
2018-08-10 11:12 INFO    : Tabor_WX1284C : Setting the output state of channel 1 to ON (Tabor_WX1284C.py:763)
2018-08-10 11:12 INFO    : Tabor_WX1284C : Getting the output state of channel 1 (Tabor_WX1284C.py:785)
2018-08-10 11:12 INFO    : Tabor_WX1284C : Setting the output state of channel 4 to ON (Tabor_WX1284C.py:763)
2018-08-10 11:12 INFO    : Tabor_WX1284C : Getting the output state of channel 4 (Tabor_WX1284C.py:785)
2018-08-10 11:12 INFO    : Tabor_WX1284C: Setting the marker high level of the marker 1 of the channel 1_2 to 1.0. (Tabor_WX1284C.py:1233)
2018-08-10 11:12 INFO    : Tabor_WX1284C: Getting the marker high level of the marker 1 of the channel 1 or 2. (Tabor_WX1284C.py:1207)
2018-08-10 11:12 INFO    : Tabor_WX1284C: Setting the marker status of the marker 1 of the channel 1_2 to the status ON. (Tabor_WX1284C.py:1125)
2018-08-10 11:12 INFO    : Tabor_WX1284C: Getting the marker status of the marker 1 of the channel 1 or 2. (Tabor_WX1284C.py:1099)
2018-08-10 11:12 INFO    : Object with name data_IQ_postselection_t1=50.0 exists, replacing (object_sharer.py:138)
