2018-08-10 11:11 INFO    : Object with name plot_Hist Re jpa on postsel exists, replacing (object_sharer.py:138)
2018-08-10 11:11 INFO    : Clearing plot Hist Re jpa on postsel... (plot.py:291)
2018-08-10 11:11 INFO    : Object with name plot_Hist Im jpa on  postsel exists, replacing (object_sharer.py:138)
2018-08-10 11:11 INFO    : Clearing plot Hist Im jpa on  postsel... (plot.py:291)
2018-08-10 11:11 INFO    : Tabor_WX1284C : Setting the output state of channel 4 to OFF (Tabor_WX1284C.py:763)
2018-08-10 11:11 INFO    : Tabor_WX1284C : Getting the output state of channel 4 (Tabor_WX1284C.py:785)
2018-08-10 11:11 INFO    : {} : Getting the trigger timer time (Tabor_WX1284C.py:723)
2018-08-10 11:11 INFO    : {} : Getting the trigger timer time (Tabor_WX1284C.py:723)
2018-08-10 11:11 INFO    : Tabor_WX1284C : Setting the output state of channel 1 to ON (Tabor_WX1284C.py:763)
2018-08-10 11:11 INFO    : Tabor_WX1284C : Getting the output state of channel 1 (Tabor_WX1284C.py:785)
2018-08-10 11:11 INFO    : SMB100A : Set the frequency of the intrument (SMB100A.py:131)
2018-08-10 11:11 INFO    : SMB100A : Set the power of the intrument (SMB100A.py:169)
2018-08-10 11:11 INFO    : Tabor_WX1284C : Setting the output state of channel 4 to ON (Tabor_WX1284C.py:763)
2018-08-10 11:11 INFO    : Tabor_WX1284C : Getting the output state of channel 4 (Tabor_WX1284C.py:785)
2018-08-10 11:11 INFO    : Tabor_WX1284C: Setting the amplitude of the channel 4 to 1.21907379448. (Tabor_WX1284C.py:970)
2018-08-10 11:11 INFO    : Tabor_WX1284C: Getting the coupling of channel 4 (Tabor_WX1284C.py:801)
2018-08-10 11:11 INFO    : The amplitude wasn't set properly (Tabor_WX1284C.py:980)
2018-08-10 11:11 INFO    : Tabor_WX1284C: Getting the amplitude of channel 4 (Tabor_WX1284C.py:990)
2018-08-10 11:11 INFO    : Tabor_WX1284C: Getting the coupling of channel 4 (Tabor_WX1284C.py:801)
2018-08-10 11:11 INFO    : Tabor_WX1284C: Setting the marker status of the marker 1 of the channel 1_2 to the status ON. (Tabor_WX1284C.py:1125)
2018-08-10 11:11 INFO    : Tabor_WX1284C: Getting the marker status of the marker 1 of the channel 1 or 2. (Tabor_WX1284C.py:1099)
2018-08-10 11:11 INFO    : Tabor_WX1284C : Setting the trigger source to EVEN (Tabor_WX1284C.py:627)
2018-08-10 11:11 INFO    : {} : Getting the trigger source (Tabor_WX1284C.py:608)
2018-08-10 11:11 INFO    : Tabor_WX1284C: Setting the amplitude of the channel 1 to 2.0. (Tabor_WX1284C.py:970)
2018-08-10 11:11 INFO    : Tabor_WX1284C: Getting the coupling of channel 1 (Tabor_WX1284C.py:801)
2018-08-10 11:11 INFO    : The amplitude wasn't set properly (Tabor_WX1284C.py:980)
2018-08-10 11:11 INFO    : Tabor_WX1284C: Getting the amplitude of channel 1 (Tabor_WX1284C.py:990)
2018-08-10 11:11 INFO    : Tabor_WX1284C: Getting the coupling of channel 1 (Tabor_WX1284C.py:801)
2018-08-10 11:11 INFO    : Tabor_WX1284C : Setting the trigger source to TIM (Tabor_WX1284C.py:627)
2018-08-10 11:11 INFO    : {} : Getting the trigger source (Tabor_WX1284C.py:608)
2018-08-10 11:11 INFO    : Tabor_WX1284C : Setting the trigger source to EVEN (Tabor_WX1284C.py:627)
2018-08-10 11:11 INFO    : {} : Getting the trigger source (Tabor_WX1284C.py:608)
2018-08-10 11:11 INFO    : Tabor_WX1284C : Setting the trigger source to EVEN (Tabor_WX1284C.py:627)
2018-08-10 11:11 INFO    : {} : Getting the trigger source (Tabor_WX1284C.py:608)
2018-08-10 11:12 INFO    : Object with name data_plot_hist2D exists, replacing (object_sharer.py:138)
